<?xml version="1.0" encoding="UTF-8"?>
<!-- Generated by org.testng.reporters.JUnitXMLReporter -->
<testsuite ignored="0" hostname="DESKTOP-J7IE0DD" failures="0" tests="9" name="Rest API regression Test" time="9.787" errors="0" timestamp="2023-02-14T14:11:00 IST">
  <testcase classname="com.qa.api.gorest.tests.GetImgurTest" name="@BeforeMethod setUp" time="5.912">
    <failure type="java.lang.NullPointerException" message="Cannot invoke &amp;quot;Object.toString()&amp;quot; because the return value of &amp;quot;java.util.Map.get(Object)&amp;quot; is null">
      <![CDATA[java.lang.NullPointerException: Cannot invoke "Object.toString()" because the return value of "java.util.Map.get(Object)" is null
at com.qa.api.gorest.tests.GetImgurTest.setUp(GetImgurTest.java:24)
at java.base/java.util.concurrent.ThreadPoolExecutor.runWorker(ThreadPoolExecutor.java:1136)
at java.base/java.util.concurrent.ThreadPoolExecutor$Worker.run(ThreadPoolExecutor.java:635)
at java.base/java.lang.Thread.run(Thread.java:833)
... Removed 16 stack frames]]>
    </failure>
  </testcase> <!-- @BeforeMethod setUp -->
  <testcase classname="com.qa.api.gorest.tests.GetImgurTest" name="@BeforeMethod setUp" time="-1.676364056965E9">
    <skipped/>
  </testcase> <!-- @BeforeMethod setUp -->
  <testcase classname="com.qa.api.gorest.tests.GetUserTest" name="getAllUserList_API_Test" time="5.386"/>
  <testcase classname="com.qa.api.gorest.tests.CreateUserTest" name="createUserAPITest" time="2.035"/>
  <testcase classname="com.qa.api.gorest.tests.GetImgurTest" name="getAccountBlockStatus" time="0.001">
    <skipped/>
  </testcase> <!-- getAccountBlockStatus -->
  <testcase classname="com.qa.api.gorest.tests.GetImgurTest" name="uploadImagePOSTAPITest" time="0.0">
    <skipped/>
  </testcase> <!-- uploadImagePOSTAPITest -->
  <testcase classname="com.qa.api.gorest.tests.CreateUserTest" name="createUserAPITest" time="0.862"/>
  <testcase classname="com.qa.api.gorest.tests.GetUserTest" name="getUserWithParams_API_Test" time="1.156"/>
  <testcase classname="com.qa.api.gorest.tests.CreateUserTest" name="createUserAPITest" time="1.11"/>
  <testcase classname="com.qa.api.gorest.tests.CreateUserTest" name="createUserAPITest" time="0.98"/>
  <testcase classname="com.qa.api.gorest.tests.CreateUserTest" name="createUserAPITest" time="1.223"/>
</testsuite> <!-- Rest API regression Test -->
